# JRE version: Java(TM) SE Runtime Environment (21.0.7+8) (build 21.0.7+8-LTS-245)
# Java VM: Java HotSpot(TM) 64-Bit Server VM (21.0.7+8-LTS-245, mixed mode, sharing, tiered, compressed oops, compressed class ptrs, g1 gc, windows-amd64)
GC Precious Log:
 CardTable entry size: 512
 Card Set container configuration: InlinePtr #cards 5 size 8 Array Of Cards #cards 12 size 40 Howl #buckets 4 coarsen threshold 1843 Howl Bitmap #cards 512 size 80 coarsen threshold 460 Card regions per heap region 1 cards per card region 2048
 CPUs: 8 total, 8 available
 Memory: 7916M
 Large Page Support: Disabled
 NUMA Support: Disabled
 Compressed Oops: Enabled (32-bit)
 Heap Region Size: 1M
 Heap Min Capacity: 256M
 Heap Initial Capacity: 256M
 Heap Max Capacity: 512M
 Pre-touch: Disabled
 Parallel Workers: 8
 Concurrent Workers: 2
 Concurrent Refinement Workers: 8
 Periodic GC: Disabled
Heap:
 garbage-first heap   total 312320K, used 282399K [0x00000000e0000000, 0x0000000100000000)
  region size 1024K, 134 young (137216K), 16 survivors (16384K)
 Metaspace       used 108025K, committed 109696K, reserved 458752K
  class space    used 14107K, committed 14912K, reserved 327680K
GC Heap History (20 events):
Event: 5150.766 GC heap after
{Heap after GC invocations=39 (full 0):
 garbage-first heap   total 262144K, used 140379K [0x00000000e0000000, 0x0000000100000000)
  region size 1024K, 14 young (14336K), 14 survivors (14336K)
 Metaspace       used 106855K, committed 108352K, reserved 458752K
  class space    used 13886K, committed 14592K, reserved 327680K
}
Event: 5151.096 GC heap before
{Heap before GC invocations=39 (full 0):
 garbage-first heap   total 262144K, used 231515K [0x00000000e0000000, 0x0000000100000000)
  region size 1024K, 104 young (106496K), 14 survivors (14336K)
 Metaspace       used 106862K, committed 108352K, reserved 458752K
  class space    used 13886K, committed 14592K, reserved 327680K
}
Event: 5151.109 GC heap after
{Heap after GC invocations=40 (full 0):
 garbage-first heap   total 262144K, used 148001K [0x00000000e0000000, 0x0000000100000000)
  region size 1024K, 8 young (8192K), 8 survivors (8192K)
 Metaspace       used 106862K, committed 108352K, reserved 458752K
  class space    used 13886K, committed 14592K, reserved 327680K
}
Event: 5151.586 GC heap before
{Heap before GC invocations=41 (full 0):
 garbage-first heap   total 268288K, used 239137K [0x00000000e0000000, 0x0000000100000000)
  region size 1024K, 97 young (99328K), 8 survivors (8192K)
 Metaspace       used 106865K, committed 108352K, reserved 458752K
  class space    used 13886K, committed 14592K, reserved 327680K
}
Event: 5151.594 GC heap after
{Heap after GC invocations=42 (full 0):
 garbage-first heap   total 268288K, used 152690K [0x00000000e0000000, 0x0000000100000000)
  region size 1024K, 13 young (13312K), 13 survivors (13312K)
 Metaspace       used 106865K, committed 108352K, reserved 458752K
  class space    used 13886K, committed 14592K, reserved 327680K
}
Event: 5152.325 GC heap before
{Heap before GC invocations=42 (full 0):
 garbage-first heap   total 268288K, used 238706K [0x00000000e0000000, 0x0000000100000000)
  region size 1024K, 98 young (100352K), 13 survivors (13312K)
 Metaspace       used 106872K, committed 108416K, reserved 458752K
  class space    used 13886K, committed 14656K, reserved 327680K
}
Event: 5152.335 GC heap after
{Heap after GC invocations=43 (full 0):
 garbage-first heap   total 268288K, used 152123K [0x00000000e0000000, 0x0000000100000000)
  region size 1024K, 5 young (5120K), 5 survivors (5120K)
 Metaspace       used 106872K, committed 108416K, reserved 458752K
  class space    used 13886K, committed 14656K, reserved 327680K
}
Event: 5152.900 GC heap before
{Heap before GC invocations=43 (full 0):
 garbage-first heap   total 268288K, used 247355K [0x00000000e0000000, 0x0000000100000000)
  region size 1024K, 99 young (101376K), 5 survivors (5120K)
 Metaspace       used 106876K, committed 108480K, reserved 458752K
  class space    used 13886K, committed 14656K, reserved 327680K
}
Event: 5152.908 GC heap after
{Heap after GC invocations=44 (full 0):
 garbage-first heap   total 268288K, used 154123K [0x00000000e0000000, 0x0000000100000000)
  region size 1024K, 7 young (7168K), 7 survivors (7168K)
 Metaspace       used 106876K, committed 108480K, reserved 458752K
  class space    used 13886K, committed 14656K, reserved 327680K
}
Event: 5508.905 GC heap before
{Heap before GC invocations=45 (full 0):
 garbage-first heap   total 273408K, used 245259K [0x00000000e0000000, 0x0000000100000000)
  region size 1024K, 97 young (99328K), 7 survivors (7168K)
 Metaspace       used 105962K, committed 107712K, reserved 458752K
  class space    used 13855K, committed 14656K, reserved 327680K
}
Event: 5508.930 GC heap after
{Heap after GC invocations=46 (full 0):
 garbage-first heap   total 273408K, used 159958K [0x00000000e0000000, 0x0000000100000000)
  region size 1024K, 13 young (13312K), 13 survivors (13312K)
 Metaspace       used 105962K, committed 107712K, reserved 458752K
  class space    used 13855K, committed 14656K, reserved 327680K
}
Event: 5511.472 GC heap before
{Heap before GC invocations=46 (full 0):
 garbage-first heap   total 273408K, used 243926K [0x00000000e0000000, 0x0000000100000000)
  region size 1024K, 96 young (98304K), 13 survivors (13312K)
 Metaspace       used 106153K, committed 107968K, reserved 458752K
  class space    used 13878K, committed 14720K, reserved 327680K
}
Event: 5511.505 GC heap after
{Heap after GC invocations=47 (full 0):
 garbage-first heap   total 273408K, used 165113K [0x00000000e0000000, 0x0000000100000000)
  region size 1024K, 8 young (8192K), 8 survivors (8192K)
 Metaspace       used 106153K, committed 107968K, reserved 458752K
  class space    used 13878K, committed 14720K, reserved 327680K
}
Event: 5678.579 GC heap before
{Heap before GC invocations=47 (full 0):
 garbage-first heap   total 273408K, used 249081K [0x00000000e0000000, 0x0000000100000000)
  region size 1024K, 91 young (93184K), 8 survivors (8192K)
 Metaspace       used 106666K, committed 108480K, reserved 458752K
  class space    used 13940K, committed 14784K, reserved 327680K
}
Event: 5678.589 GC heap after
{Heap after GC invocations=48 (full 0):
 garbage-first heap   total 273408K, used 169235K [0x00000000e0000000, 0x0000000100000000)
  region size 1024K, 7 young (7168K), 7 survivors (7168K)
 Metaspace       used 106666K, committed 108480K, reserved 458752K
  class space    used 13940K, committed 14784K, reserved 327680K
}
Event: 5997.834 GC heap before
{Heap before GC invocations=49 (full 0):
 garbage-first heap   total 302080K, used 254227K [0x00000000e0000000, 0x0000000100000000)
  region size 1024K, 85 young (87040K), 7 survivors (7168K)
 Metaspace       used 103933K, committed 106688K, reserved 458752K
  class space    used 13535K, committed 14720K, reserved 327680K
}
Event: 5997.849 GC heap after
{Heap after GC invocations=50 (full 0):
 garbage-first heap   total 302080K, used 165519K [0x00000000e0000000, 0x0000000100000000)
  region size 1024K, 4 young (4096K), 4 survivors (4096K)
 Metaspace       used 103933K, committed 106688K, reserved 458752K
  class space    used 13535K, committed 14720K, reserved 327680K
}
Event: 6000.321 GC heap before
{Heap before GC invocations=50 (full 0):
 garbage-first heap   total 302080K, used 282255K [0x00000000e0000000, 0x0000000100000000)
  region size 1024K, 117 young (119808K), 4 survivors (4096K)
 Metaspace       used 106818K, committed 108416K, reserved 458752K
  class space    used 13971K, committed 14720K, reserved 327680K
}
Event: 6000.374 GC heap after
{Heap after GC invocations=51 (full 0):
 garbage-first heap   total 312320K, used 161567K [0x00000000e0000000, 0x0000000100000000)
  region size 1024K, 13 young (13312K), 13 survivors (13312K)
 Metaspace       used 106818K, committed 108416K, reserved 458752K
  class space    used 13971K, committed 14720K, reserved 327680K
}
Event: 6140.560 GC heap before
{Heap before GC invocations=51 (full 0):
 garbage-first heap   total 312320K, used 282399K [0x00000000e0000000, 0x0000000100000000)
  region size 1024K, 131 young (134144K), 13 survivors (13312K)
 Metaspace       used 108025K, committed 109696K, reserved 458752K
  class space    used 14107K, committed 14912K, reserved 327680K
}

